<?xml version="1.0" encoding="UTF-8"?>
<!-- Generated by org.testng.reporters.JUnitXMLReporter -->
<testsuite hostname="DESKTOP-T5A6T6G" ignored="1" name="Test" tests="3" failures="0" timestamp="07 Oct 2017 14:14:32 GMT" time="0.065" errors="0">
  <testcase name="@BeforeMethod openApplication" time="0.0" classname="generic.BaseTest">
    <failure type="org.testng.TestNGException" message="
Can inject only one of &amp;lt;ITestContext, XmlTest, Method, Object[], ITestResult&amp;gt; into a @BeforeMethod annotated openApplication.
For more information on native dependency injection please refer to http://testng.org/doc/documentation-main.html#native-dependency-injection">
      <![CDATA[org.testng.TestNGException: 
Can inject only one of <ITestContext, XmlTest, Method, Object[], ITestResult> into a @BeforeMethod annotated openApplication.
For more information on native dependency injection please refer to http://testng.org/doc/documentation-main.html#native-dependency-injection
... Removed 25 stack frames]]>
    </failure>
  </testcase> <!-- @BeforeMethod openApplication -->
  <testcase name="@AfterMethod closeApplication" time="0.0" classname="generic.BaseTest">
    <skipped/>
  </testcase> <!-- @AfterMethod closeApplication -->
  <testcase name="@BeforeMethod openApplication" time="0.0" classname="generic.BaseTest">
    <skipped/>
  </testcase> <!-- @BeforeMethod openApplication -->
  <testcase name="@AfterMethod closeApplication" time="0.0" classname="generic.BaseTest">
    <skipped/>
  </testcase> <!-- @AfterMethod closeApplication -->
  <testcase name="@BeforeMethod openApplication" time="0.0" classname="generic.BaseTest">
    <skipped/>
  </testcase> <!-- @BeforeMethod openApplication -->
  <testcase name="@AfterMethod closeApplication" time="0.0" classname="generic.BaseTest">
    <skipped/>
  </testcase> <!-- @AfterMethod closeApplication -->
  <testcase name="testValidLoginViaExcel" time="0.0" classname="script.ValidLogin">
    <skipped/>
  </testcase> <!-- testValidLoginViaExcel -->
  <testcase name="testInvalidLogin" time="0.0" classname="script.InvalidLogin">
    <skipped/>
  </testcase> <!-- testInvalidLogin -->
  <testcase name="testProductVersion" time="0.0" classname="script.VerifyProductVersion">
    <skipped/>
  </testcase> <!-- testProductVersion -->
  <testcase name="testValidLogin" time="0.0" classname="script.ValidLogin">
    <ignored/>
  </testcase> <!-- testValidLogin -->
</testsuite> <!-- Test -->
