<?xml version="1.0" encoding="UTF-8"?>
<!-- Generated by org.testng.reporters.JUnitXMLReporter -->
<testsuite hostname="DESKTOP-T5A6T6G" ignored="1" name="Test chrome" tests="3" failures="0" timestamp="07 Oct 2017 16:03:19 GMT" time="60.082" errors="0">
  <testcase name="testValidLoginViaExcel" time="1.105" classname="script.ValidLogin"/>
  <testcase name="testInvalidLogin" time="1.492" classname="script.InvalidLogin"/>
  <testcase name="testProductVersion" time="11.117" classname="script.VerifyProductVersion"/>
  <testcase name="testValidLogin" time="0.0" classname="script.ValidLogin">
    <ignored/>
  </testcase> <!-- testValidLogin -->
</testsuite> <!-- Test chrome -->
