<?xml version="1.0" encoding="UTF-8"?>
<!-- Generated by org.testng.reporters.JUnitXMLReporter -->
<testsuite hostname="DESKTOP-T5A6T6G" ignored="1" name="Test firefox" tests="3" failures="1" timestamp="07 Oct 2017 16:03:16 GMT" time="57.045" errors="0">
  <testcase name="testValidLoginViaExcel" time="0.511" classname="script.ValidLogin"/>
  <testcase name="testInvalidLogin" time="2.121" classname="script.InvalidLogin"/>
  <testcase name="testProductVersion" time="5.301" classname="script.VerifyProductVersion">
    <failure type="org.openqa.selenium.ElementNotInteractableException" message="
Build info: version: &amp;apos;3.5.0&amp;apos;, revision: &amp;apos;8def36e068&amp;apos;, time: &amp;apos;2017-08-10T23:00:22.093Z&amp;apos;
System info: host: &amp;apos;DESKTOP-T5A6T6G&amp;apos;, ip: &amp;apos;192.168.1.101&amp;apos;, os.name: &amp;apos;Windows 10&amp;apos;, os.arch: &amp;apos;amd64&amp;apos;, os.version: &amp;apos;10.0&amp;apos;, java.version: &amp;apos;1.8.0_144&amp;apos;
Driver info: org.openqa.selenium.remote.RemoteWebDriver
Capabilities [{moz:profile=C:\Users\dineshkumar\AppData\Local\Temp\rust_mozprofile.2fr3I9OW2QbY, rotatable=false, timeouts={implicit=0.0, pageLoad=300000.0, script=30000.0}, pageLoadStrategy=normal, moz:headless=false, platform=ANY, specificationLevel=0.0, moz:accessibilityChecks=false, acceptInsecureCerts=false, browserVersion=56.0, platformVersion=6.1, moz:processID=9724.0, browserName=firefox, javascriptEnabled=true, platformName=windows_nt}]
Session ID: 906eccde-37bc-40f4-bac3-4478f82712e7">
      <![CDATA[org.openqa.selenium.ElementNotInteractableException: 
Build info: version: '3.5.0', revision: '8def36e068', time: '2017-08-10T23:00:22.093Z'
System info: host: 'DESKTOP-T5A6T6G', ip: '192.168.1.101', os.name: 'Windows 10', os.arch: 'amd64', os.version: '10.0', java.version: '1.8.0_144'
Driver info: org.openqa.selenium.remote.RemoteWebDriver
Capabilities [{moz:profile=C:\Users\dineshkumar\AppData\Local\Temp\rust_mozprofile.2fr3I9OW2QbY, rotatable=false, timeouts={implicit=0.0, pageLoad=300000.0, script=30000.0}, pageLoadStrategy=normal, moz:headless=false, platform=ANY, specificationLevel=0.0, moz:accessibilityChecks=false, acceptInsecureCerts=false, browserVersion=56.0, platformVersion=6.1, moz:processID=9724.0, browserName=firefox, javascriptEnabled=true, platformName=windows_nt}]
Session ID: 906eccde-37bc-40f4-bac3-4478f82712e7
	at org.openqa.selenium.remote.http.W3CHttpResponseCodec.createException(W3CHttpResponseCodec.java:185)
	at org.openqa.selenium.remote.http.W3CHttpResponseCodec.decode(W3CHttpResponseCodec.java:120)
	at org.openqa.selenium.remote.http.W3CHttpResponseCodec.decode(W3CHttpResponseCodec.java:49)
	at org.openqa.selenium.remote.HttpCommandExecutor.execute(HttpCommandExecutor.java:164)
	at org.openqa.selenium.remote.RemoteWebDriver.execute(RemoteWebDriver.java:641)
	at org.openqa.selenium.remote.RemoteWebElement.execute(RemoteWebElement.java:275)
	at org.openqa.selenium.remote.RemoteWebElement.click(RemoteWebElement.java:82)
	at org.openqa.selenium.support.pagefactory.internal.LocatingElementHandler.invoke(LocatingElementHandler.java:51)
	at com.sun.proxy.$Proxy10.click(Unknown Source)
	at pom.EnterTimeTrackPage.ClickAboutActimeLink(EnterTimeTrackPage.java:52)
	at script.VerifyProductVersion.testProductVersion(VerifyProductVersion.java:28)
	at java.util.concurrent.FutureTask.run(FutureTask.java:266)
	at java.util.concurrent.ThreadPoolExecutor.runWorker(ThreadPoolExecutor.java:1149)
	at java.util.concurrent.ThreadPoolExecutor$Worker.run(ThreadPoolExecutor.java:624)
	at java.lang.Thread.run(Thread.java:748)
... Removed 24 stack frames]]>
    </failure>
  </testcase> <!-- testProductVersion -->
  <testcase name="testValidLogin" time="0.0" classname="script.ValidLogin">
    <ignored/>
  </testcase> <!-- testValidLogin -->
</testsuite> <!-- Test firefox -->
