<?xml version="1.0" encoding="UTF-8"?>
<testng-results skipped="0" failed="1" ignored="2" total="8" passed="5">
  <reporter-output>
    <line>
      <![CDATA[Pass:Error message is displayed]]>
    </line>
    <line>
      <![CDATA[Pass:Error message is displayed]]>
    </line>
    <line>
      <![CDATA[Product version is verified sucessfully]]>
    </line>
  </reporter-output>
  <suite name="Automation Suite" duration-ms="60082" started-at="2017-10-07T16:02:19Z" finished-at="2017-10-07T16:03:19Z">
    <groups>
    </groups>
    <test name="Test firefox" duration-ms="57045" started-at="2017-10-07T16:02:19Z" finished-at="2017-10-07T16:03:16Z">
      <class name="script.InvalidLogin">
        <test-method status="PASS" signature="openApplication(java.lang.String, java.lang.String)[pri:0, instance:script.InvalidLogin@66a3ffec]" name="openApplication" is-config="true" duration-ms="14246" started-at="2017-10-07T21:32:38Z" finished-at="2017-10-07T21:32:52Z">
          <params>
            <param index="0">
              <value>
                <![CDATA[http://192.168.1.102:4444/wd/hub]]>
              </value>
            </param>
            <param index="1">
              <value>
                <![CDATA[firefox]]>
              </value>
            </param>
          </params>
          <reporter-output>
          </reporter-output>
        </test-method> <!-- openApplication -->
        <test-method status="PASS" signature="testInvalidLogin()[pri:2, instance:script.InvalidLogin@66a3ffec]" name="testInvalidLogin" duration-ms="2121" started-at="2017-10-07T21:32:52Z" finished-at="2017-10-07T21:32:55Z">
          <reporter-output>
            <line>
              <![CDATA[Pass:Error message is displayed]]>
            </line>
          </reporter-output>
        </test-method> <!-- testInvalidLogin -->
        <test-method status="PASS" signature="closeApplication()[pri:0, instance:script.InvalidLogin@66a3ffec]" name="closeApplication" is-config="true" duration-ms="247" started-at="2017-10-07T21:32:55Z" finished-at="2017-10-07T21:32:55Z">
          <reporter-output>
          </reporter-output>
        </test-method> <!-- closeApplication -->
      </class> <!-- script.InvalidLogin -->
      <class name="script.VerifyProductVersion">
        <test-method status="PASS" signature="openApplication(java.lang.String, java.lang.String)[pri:0, instance:script.VerifyProductVersion@3e6fa38a]" name="openApplication" is-config="true" duration-ms="15513" started-at="2017-10-07T21:32:55Z" finished-at="2017-10-07T21:33:10Z">
          <params>
            <param index="0">
              <value>
                <![CDATA[http://192.168.1.102:4444/wd/hub]]>
              </value>
            </param>
            <param index="1">
              <value>
                <![CDATA[firefox]]>
              </value>
            </param>
          </params>
          <reporter-output>
          </reporter-output>
        </test-method> <!-- openApplication -->
        <test-method status="FAIL" signature="testProductVersion()[pri:3, instance:script.VerifyProductVersion@3e6fa38a]" name="testProductVersion" duration-ms="5301" started-at="2017-10-07T21:33:10Z" finished-at="2017-10-07T21:33:16Z">
          <exception class="org.openqa.selenium.ElementNotInteractableException">
            <message>
              <![CDATA[
Build info: version: '3.5.0', revision: '8def36e068', time: '2017-08-10T23:00:22.093Z'
System info: host: 'DESKTOP-T5A6T6G', ip: '192.168.1.101', os.name: 'Windows 10', os.arch: 'amd64', os.version: '10.0', java.version: '1.8.0_144'
Driver info: org.openqa.selenium.remote.RemoteWebDriver
Capabilities [{moz:profile=C:\Users\dineshkumar\AppData\Local\Temp\rust_mozprofile.2fr3I9OW2QbY, rotatable=false, timeouts={implicit=0.0, pageLoad=300000.0, script=30000.0}, pageLoadStrategy=normal, moz:headless=false, platform=ANY, specificationLevel=0.0, moz:accessibilityChecks=false, acceptInsecureCerts=false, browserVersion=56.0, platformVersion=6.1, moz:processID=9724.0, browserName=firefox, javascriptEnabled=true, platformName=windows_nt}]
Session ID: 906eccde-37bc-40f4-bac3-4478f82712e7]]>
            </message>
            <full-stacktrace>
              <![CDATA[org.openqa.selenium.ElementNotInteractableException: 
Build info: version: '3.5.0', revision: '8def36e068', time: '2017-08-10T23:00:22.093Z'
System info: host: 'DESKTOP-T5A6T6G', ip: '192.168.1.101', os.name: 'Windows 10', os.arch: 'amd64', os.version: '10.0', java.version: '1.8.0_144'
Driver info: org.openqa.selenium.remote.RemoteWebDriver
Capabilities [{moz:profile=C:\Users\dineshkumar\AppData\Local\Temp\rust_mozprofile.2fr3I9OW2QbY, rotatable=false, timeouts={implicit=0.0, pageLoad=300000.0, script=30000.0}, pageLoadStrategy=normal, moz:headless=false, platform=ANY, specificationLevel=0.0, moz:accessibilityChecks=false, acceptInsecureCerts=false, browserVersion=56.0, platformVersion=6.1, moz:processID=9724.0, browserName=firefox, javascriptEnabled=true, platformName=windows_nt}]
Session ID: 906eccde-37bc-40f4-bac3-4478f82712e7
	at sun.reflect.NativeConstructorAccessorImpl.newInstance0(Native Method)
	at sun.reflect.NativeConstructorAccessorImpl.newInstance(NativeConstructorAccessorImpl.java:62)
	at sun.reflect.DelegatingConstructorAccessorImpl.newInstance(DelegatingConstructorAccessorImpl.java:45)
	at java.lang.reflect.Constructor.newInstance(Constructor.java:423)
	at org.openqa.selenium.remote.http.W3CHttpResponseCodec.createException(W3CHttpResponseCodec.java:185)
	at org.openqa.selenium.remote.http.W3CHttpResponseCodec.decode(W3CHttpResponseCodec.java:120)
	at org.openqa.selenium.remote.http.W3CHttpResponseCodec.decode(W3CHttpResponseCodec.java:49)
	at org.openqa.selenium.remote.HttpCommandExecutor.execute(HttpCommandExecutor.java:164)
	at org.openqa.selenium.remote.RemoteWebDriver.execute(RemoteWebDriver.java:641)
	at org.openqa.selenium.remote.RemoteWebElement.execute(RemoteWebElement.java:275)
	at org.openqa.selenium.remote.RemoteWebElement.click(RemoteWebElement.java:82)
	at sun.reflect.NativeMethodAccessorImpl.invoke0(Native Method)
	at sun.reflect.NativeMethodAccessorImpl.invoke(NativeMethodAccessorImpl.java:62)
	at sun.reflect.DelegatingMethodAccessorImpl.invoke(DelegatingMethodAccessorImpl.java:43)
	at java.lang.reflect.Method.invoke(Method.java:498)
	at org.openqa.selenium.support.pagefactory.internal.LocatingElementHandler.invoke(LocatingElementHandler.java:51)
	at com.sun.proxy.$Proxy10.click(Unknown Source)
	at pom.EnterTimeTrackPage.ClickAboutActimeLink(EnterTimeTrackPage.java:52)
	at script.VerifyProductVersion.testProductVersion(VerifyProductVersion.java:28)
	at sun.reflect.NativeMethodAccessorImpl.invoke0(Native Method)
	at sun.reflect.NativeMethodAccessorImpl.invoke(NativeMethodAccessorImpl.java:62)
	at sun.reflect.DelegatingMethodAccessorImpl.invoke(DelegatingMethodAccessorImpl.java:43)
	at java.lang.reflect.Method.invoke(Method.java:498)
	at org.testng.internal.MethodInvocationHelper.invokeMethod(MethodInvocationHelper.java:108)
	at org.testng.internal.Invoker.invokeMethod(Invoker.java:669)
	at org.testng.internal.Invoker.invokeTestMethod(Invoker.java:877)
	at org.testng.internal.Invoker.invokeTestMethods(Invoker.java:1201)
	at org.testng.internal.TestMethodWorker.invokeTestMethods(TestMethodWorker.java:125)
	at org.testng.internal.TestMethodWorker.run(TestMethodWorker.java:109)
	at org.testng.TestRunner.privateRun(TestRunner.java:776)
	at org.testng.TestRunner.run(TestRunner.java:634)
	at org.testng.SuiteRunner.runTest(SuiteRunner.java:425)
	at org.testng.SuiteRunner.access$000(SuiteRunner.java:40)
	at org.testng.SuiteRunner$SuiteWorker.run(SuiteRunner.java:459)
	at org.testng.internal.thread.ThreadUtil$1.call(ThreadUtil.java:52)
	at java.util.concurrent.FutureTask.run(FutureTask.java:266)
	at java.util.concurrent.ThreadPoolExecutor.runWorker(ThreadPoolExecutor.java:1149)
	at java.util.concurrent.ThreadPoolExecutor$Worker.run(ThreadPoolExecutor.java:624)
	at java.lang.Thread.run(Thread.java:748)
]]>
            </full-stacktrace>
          </exception> <!-- org.openqa.selenium.ElementNotInteractableException -->
          <reporter-output>
          </reporter-output>
        </test-method> <!-- testProductVersion -->
        <test-method status="PASS" signature="closeApplication()[pri:0, instance:script.VerifyProductVersion@3e6fa38a]" name="closeApplication" is-config="true" duration-ms="184" started-at="2017-10-07T21:33:16Z" finished-at="2017-10-07T21:33:16Z">
          <reporter-output>
          </reporter-output>
        </test-method> <!-- closeApplication -->
      </class> <!-- script.VerifyProductVersion -->
      <class name="script.ValidLogin">
        <test-method status="PASS" signature="openApplication(java.lang.String, java.lang.String)[pri:0, instance:script.ValidLogin@47c62251]" name="openApplication" is-config="true" duration-ms="18442" started-at="2017-10-07T21:32:19Z" finished-at="2017-10-07T21:32:37Z">
          <params>
            <param index="0">
              <value>
                <![CDATA[http://192.168.1.102:4444/wd/hub]]>
              </value>
            </param>
            <param index="1">
              <value>
                <![CDATA[firefox]]>
              </value>
            </param>
          </params>
          <reporter-output>
          </reporter-output>
        </test-method> <!-- openApplication -->
        <test-method status="PASS" signature="testValidLoginViaExcel()[pri:1, instance:script.ValidLogin@47c62251]" name="testValidLoginViaExcel" duration-ms="511" started-at="2017-10-07T21:32:37Z" finished-at="2017-10-07T21:32:38Z">
          <reporter-output>
          </reporter-output>
        </test-method> <!-- testValidLoginViaExcel -->
        <test-method status="PASS" signature="closeApplication()[pri:0, instance:script.ValidLogin@47c62251]" name="closeApplication" is-config="true" duration-ms="459" started-at="2017-10-07T21:32:38Z" finished-at="2017-10-07T21:32:38Z">
          <reporter-output>
          </reporter-output>
        </test-method> <!-- closeApplication -->
      </class> <!-- script.ValidLogin -->
    </test> <!-- Test firefox -->
    <test name="Test chrome" duration-ms="60082" started-at="2017-10-07T16:02:19Z" finished-at="2017-10-07T16:03:19Z">
      <class name="script.InvalidLogin">
        <test-method status="PASS" signature="openApplication(java.lang.String, java.lang.String)[pri:0, instance:script.InvalidLogin@6767c1fc]" name="openApplication" is-config="true" duration-ms="10620" started-at="2017-10-07T21:32:40Z" finished-at="2017-10-07T21:32:51Z">
          <params>
            <param index="0">
              <value>
                <![CDATA[http://192.168.1.102:4444/wd/hub]]>
              </value>
            </param>
            <param index="1">
              <value>
                <![CDATA[chrome]]>
              </value>
            </param>
          </params>
          <reporter-output>
          </reporter-output>
        </test-method> <!-- openApplication -->
        <test-method status="PASS" signature="testInvalidLogin()[pri:2, instance:script.InvalidLogin@6767c1fc]" name="testInvalidLogin" duration-ms="1492" started-at="2017-10-07T21:32:51Z" finished-at="2017-10-07T21:32:52Z">
          <reporter-output>
            <line>
              <![CDATA[Pass:Error message is displayed]]>
            </line>
          </reporter-output>
        </test-method> <!-- testInvalidLogin -->
        <test-method status="PASS" signature="closeApplication()[pri:0, instance:script.InvalidLogin@6767c1fc]" name="closeApplication" is-config="true" duration-ms="2087" started-at="2017-10-07T21:32:52Z" finished-at="2017-10-07T21:32:54Z">
          <reporter-output>
          </reporter-output>
        </test-method> <!-- closeApplication -->
      </class> <!-- script.InvalidLogin -->
      <class name="script.VerifyProductVersion">
        <test-method status="PASS" signature="openApplication(java.lang.String, java.lang.String)[pri:0, instance:script.VerifyProductVersion@4678c730]" name="openApplication" is-config="true" duration-ms="11215" started-at="2017-10-07T21:32:54Z" finished-at="2017-10-07T21:33:05Z">
          <params>
            <param index="0">
              <value>
                <![CDATA[http://192.168.1.102:4444/wd/hub]]>
              </value>
            </param>
            <param index="1">
              <value>
                <![CDATA[chrome]]>
              </value>
            </param>
          </params>
          <reporter-output>
          </reporter-output>
        </test-method> <!-- openApplication -->
        <test-method status="PASS" signature="testProductVersion()[pri:3, instance:script.VerifyProductVersion@4678c730]" name="testProductVersion" duration-ms="11117" started-at="2017-10-07T21:33:05Z" finished-at="2017-10-07T21:33:16Z">
          <reporter-output>
            <line>
              <![CDATA[Product version is verified sucessfully]]>
            </line>
          </reporter-output>
        </test-method> <!-- testProductVersion -->
        <test-method status="PASS" signature="closeApplication()[pri:0, instance:script.VerifyProductVersion@4678c730]" name="closeApplication" is-config="true" duration-ms="2337" started-at="2017-10-07T21:33:16Z" finished-at="2017-10-07T21:33:19Z">
          <reporter-output>
          </reporter-output>
        </test-method> <!-- closeApplication -->
      </class> <!-- script.VerifyProductVersion -->
      <class name="script.ValidLogin">
        <test-method status="PASS" signature="openApplication(java.lang.String, java.lang.String)[pri:0, instance:script.ValidLogin@724af044]" name="openApplication" is-config="true" duration-ms="17710" started-at="2017-10-07T21:32:19Z" finished-at="2017-10-07T21:32:36Z">
          <params>
            <param index="0">
              <value>
                <![CDATA[http://192.168.1.102:4444/wd/hub]]>
              </value>
            </param>
            <param index="1">
              <value>
                <![CDATA[chrome]]>
              </value>
            </param>
          </params>
          <reporter-output>
          </reporter-output>
        </test-method> <!-- openApplication -->
        <test-method status="PASS" signature="testValidLoginViaExcel()[pri:1, instance:script.ValidLogin@724af044]" name="testValidLoginViaExcel" duration-ms="1105" started-at="2017-10-07T21:32:36Z" finished-at="2017-10-07T21:32:38Z">
          <reporter-output>
          </reporter-output>
        </test-method> <!-- testValidLoginViaExcel -->
        <test-method status="PASS" signature="closeApplication()[pri:0, instance:script.ValidLogin@724af044]" name="closeApplication" is-config="true" duration-ms="2376" started-at="2017-10-07T21:32:38Z" finished-at="2017-10-07T21:32:40Z">
          <reporter-output>
          </reporter-output>
        </test-method> <!-- closeApplication -->
      </class> <!-- script.ValidLogin -->
    </test> <!-- Test chrome -->
  </suite> <!-- Automation Suite -->
</testng-results>
